<?xml version="1.0" encoding="UTF-8" ?>
<testsuite tests="30" failures="0" name="StressTest" time="221.361" errors="0" skipped="0">
  <properties>
[...]
</properties>
  <testcase classname="StressTest" name="TestTTCCLayout[0]" time="0.273"/>
  <testcase classname="StressTest" name="TestSimpleLayout[0]" time="0.005"/>
  <testcase classname="StressTest" name="TestPatternLayout[0]" time="0.01"/>
  <testcase classname="StressTest" name="TestLinkedList[0]" time="0.029"/>
  <testcase classname="StressTest" name="TestHTMLLayout[0]" time="0.033"/>
  <testcase classname="StressTest" name="TestArrayList[0]" time="0"/>
  <testcase classname="StressTest" name="TestFileAppender[0]" time="0"/>
  <testcase classname="StressTest" name="TestVelocityLayout[0]" time="0.016"/>
  <testcase classname="StressTest" name="TestConsoleAppender[0]" time="0.016"/>
  <testcase classname="StressTest" name="TestXMLLayout[0]" time="0.016"/>
  <testcase classname="StressTest" name="TestTTCCLayout[1]" time="0.035"/>
  <testcase classname="StressTest" name="TestSimpleLayout[1]" time="0.045"/>
  <testcase classname="StressTest" name="TestPatternLayout[1]" time="0.002"/>
  <testcase classname="StressTest" name="TestLinkedList[1]" time="0.032"/>
  <testcase classname="StressTest" name="TestHTMLLayout[1]" time="0.019"/>
  <testcase classname="StressTest" name="TestArrayList[1]" time="0.029"/>
  <testcase classname="StressTest" name="TestFileAppender[1]" time="0"/>
  <testcase classname="StressTest" name="TestVelocityLayout[1]" time="0.016"/>
  <testcase classname="StressTest" name="TestConsoleAppender[1]" time="0.077"/>
  <testcase classname="StressTest" name="TestXMLLayout[1]" time="0.019"/>
  <testcase classname="StressTest" name="TestTTCCLayout[2]" time="31.108"/>
  <testcase classname="StressTest" name="TestSimpleLayout[2]" time="30.836"/>
  <testcase classname="StressTest" name="TestPatternLayout[2]" time="30.972"/>
  <testcase classname="StressTest" name="TestLinkedList[2]" time="0.351"/>
  <testcase classname="StressTest" name="TestHTMLLayout[2]" time="0.975"/>
  <testcase classname="StressTest" name="TestArrayList[2]" time="0.865"/>
  <testcase classname="StressTest" name="TestFileAppender[2]" time="34.994"/>
  <testcase classname="StressTest" name="TestVelocityLayout[2]" time="26.591"/>
  <testcase classname="StressTest" name="TestConsoleAppender[2]" time="39.741"/>
  <testcase classname="StressTest" name="TestXMLLayout[2]" time="24.256"/>
</testsuite>